<?xml version="1.0" encoding="UTF-8"?>
<!-- Generated by org.testng.reporters.JUnitXMLReporter -->
<testsuite ignored="0" hostname="LAPTOP-03JVINRK" failures="3" tests="4" name="Test" time="39.409" errors="0" timestamp="2023-07-02T11:01:37 IST">
  <testcase classname="testCases.TC_Login_001" name="loginTest" time="1.784">
    <failure type="java.lang.AssertionError">
      <![CDATA[java.lang.AssertionError
at org.junit.Assert.fail(Assert.java:87)
at org.junit.Assert.assertTrue(Assert.java:42)
at org.junit.Assert.assertTrue(Assert.java:53)
at testCases.TC_Login_001.loginTest(TC_Login_001.java:32)
at java.base/java.util.ArrayList.forEach(ArrayList.java:1541)
... Removed 27 stack frames]]>
    </failure>
  </testcase> <!-- loginTest -->
  <testcase classname="testCases.TC_DDLogin_002" name="loginDDT" time="10.308"/>
  <testcase classname="testCases.TC_DDLogin_002" name="loginDDT" time="5.621">
    <failure type="java.lang.AssertionError">
      <![CDATA[java.lang.AssertionError
at org.junit.Assert.fail(Assert.java:87)
at org.junit.Assert.assertTrue(Assert.java:42)
at org.junit.Assert.assertTrue(Assert.java:53)
at testCases.TC_DDLogin_002.loginDDT(TC_DDLogin_002.java:31)
at java.base/java.util.ArrayList.forEach(ArrayList.java:1541)
... Removed 27 stack frames]]>
    </failure>
  </testcase> <!-- loginDDT -->
  <testcase classname="testCases.TC_DDLogin_002" name="loginDDT" time="4.522">
    <failure type="java.lang.AssertionError">
      <![CDATA[java.lang.AssertionError
at org.junit.Assert.fail(Assert.java:87)
at org.junit.Assert.assertTrue(Assert.java:42)
at org.junit.Assert.assertTrue(Assert.java:53)
at testCases.TC_DDLogin_002.loginDDT(TC_DDLogin_002.java:31)
at java.base/java.util.ArrayList.forEach(ArrayList.java:1541)
... Removed 27 stack frames]]>
    </failure>
  </testcase> <!-- loginDDT -->
</testsuite> <!-- Test -->
